[18:44:13] [main/INFO]: Extra: []
[18:44:13] [main/INFO]: Running with arguments: [--tweakClass, net.minecraftforge.fml.common.launcher.FMLServerTweaker, --tweakClass, net.minecraftforge.gradle.tweakers.CoremodTweaker]
[18:44:13] [main/INFO]: Loading tweak class name net.minecraftforge.fml.common.launcher.FMLServerTweaker
[18:44:13] [main/INFO]: Using primary tweak class name net.minecraftforge.fml.common.launcher.FMLServerTweaker
[18:44:13] [main/INFO]: Loading tweak class name net.minecraftforge.gradle.tweakers.CoremodTweaker
[18:44:13] [main/INFO]: Calling tweak class net.minecraftforge.fml.common.launcher.FMLServerTweaker
[18:44:24] [Server thread/INFO]: Starting minecraft server version 1.12
[18:44:31] [Server thread/INFO]: Loading properties
[18:44:31] [Server thread/INFO]: Default game type: SURVIVAL
[18:44:31] [Server thread/INFO]: Generating keypair
[18:44:31] [Server thread/INFO]: Starting Minecraft server on *:25565
[18:44:31] [Server thread/INFO]: Using default channel type
[18:44:32] [Server thread/WARN]: **** SERVER IS RUNNING IN OFFLINE/INSECURE MODE!
[18:44:32] [Server thread/WARN]: The server will make no attempt to authenticate usernames. Beware.
[18:44:32] [Server thread/WARN]: While this makes the game possible to play without internet access, it also opens up the ability for hackers to connect with any username they choose.
[18:44:32] [Server thread/WARN]: To change this, set "online-mode" to "true" in the server.properties file.
[18:44:33] [Server thread/INFO]: Preparing level "world"
[18:44:36] [Server thread/INFO]: Loaded 488 advancements
[18:44:36] [Server thread/INFO]: Preparing start region for level 0
[18:44:37] [Server thread/INFO]: Preparing spawn area: 0%
[18:44:38] [Server thread/WARN]: Keeping entity minecraft:sheep that already exists with UUID adcefc59-9c62-43af-93ed-0a16f9f3777b
[18:44:38] [Server thread/WARN]: Keeping entity minecraft:rabbit that already exists with UUID 588afcbc-f56a-4e83-921d-8833092f05c2
[18:44:38] [Server thread/INFO]: Preparing spawn area: 36%
[18:44:38] [Server thread/WARN]: Keeping entity minecraft:rabbit that already exists with UUID 9d99051c-cb37-428a-bf15-36f72ec1f3f7
[18:44:38] [Server thread/WARN]: Keeping entity minecraft:rabbit that already exists with UUID 4c87233d-a974-44e2-a217-9fa7deadd09a
[18:44:39] [Server thread/WARN]: Keeping entity minecraft:rabbit that already exists with UUID 44daacaa-a55b-43a9-8d1d-e463e740f457
[18:44:39] [Server thread/WARN]: Keeping entity minecraft:sheep that already exists with UUID c2719fa6-688a-46ff-ae88-6b3880d8e3b0
[18:44:39] [Server thread/WARN]: Keeping entity minecraft:cow that already exists with UUID 70e57de8-8b06-4e89-b644-1be87a57a2f8
[18:44:39] [Server thread/WARN]: Keeping entity minecraft:cow that already exists with UUID 25941eae-6c45-4371-ac15-cd06600a3c97
[18:44:39] [Server thread/INFO]: Done (6,411s)! For help, type "help" or "?"
[18:44:40] [Server thread/INFO]: This is three
[18:44:43] [Server thread/INFO]: This is one
[18:44:43] [Server thread/INFO]: 1
[18:44:43] [Server thread/INFO]: 2
[18:44:43] [Server thread/INFO]: 3
[18:44:43] [Server thread/INFO]: 4
[18:44:43] [Server thread/INFO]: 5
[18:44:43] [Server thread/INFO]: 6
[18:44:43] [Server thread/INFO]: 7
[18:44:43] [Server thread/INFO]: 8
[18:44:43] [Server thread/INFO]: 9
[18:44:48] [Server thread/INFO]: This is two
[18:44:48] [Server thread/INFO]: 2
[18:44:48] [Server thread/INFO]: 1
[18:45:01] [Server thread/INFO]: [Server] hi
[18:45:01] [Server thread/INFO]: [Server] bye
[18:45:01] [Server thread/INFO]: Incorrect indent at line 3
[18:45:01] [Server thread/INFO]: Incorrect indent at line 4
[18:45:01] [Server thread/INFO]: [Server] blol
[18:45:01] [Server thread/INFO]: [Server] bkek2
[18:45:01] [Server thread/INFO]: [Server] one more
[18:45:01] [Server thread/INFO]: [Server] Is Server: true
[18:45:01] [Server thread/INFO]: [Server] in a
[18:45:01] [Server thread/INFO]: [Server] in a not b
[18:45:05] [Server thread/INFO]: [Server] hi
[18:45:05] [Server thread/INFO]: [Server] bye
[18:45:05] [Server thread/INFO]: Incorrect indent at line 3
[18:45:05] [Server thread/INFO]: Incorrect indent at line 4
[18:45:05] [Server thread/INFO]: [Server] blol
[18:45:05] [Server thread/INFO]: [Server] bkek2
[18:45:05] [Server thread/INFO]: [Server] one more
[18:45:05] [Server thread/INFO]: [Server] Is Server: true
[18:45:05] [Server thread/INFO]: [Server] in not a
[18:45:05] [Server thread/INFO]: [Server] in not a b
[18:45:10] [Server thread/INFO]: [Server] hi
[18:45:10] [Server thread/INFO]: [Server] bye
[18:45:10] [Server thread/INFO]: Incorrect indent at line 3
[18:45:10] [Server thread/INFO]: Incorrect indent at line 4
[18:45:10] [Server thread/INFO]: [Server] blol
[18:45:10] [Server thread/INFO]: [Server] bkek2
[18:45:10] [Server thread/INFO]: [Server] one more
[18:45:10] [Server thread/INFO]: [Server] Is Server: true
[18:45:10] [Server thread/INFO]: [Server] in a
[18:45:10] [Server thread/INFO]: [Server] in a b
[18:45:13] [Server thread/INFO]: [Server] hi
[18:45:13] [Server thread/INFO]: [Server] bye
[18:45:13] [Server thread/INFO]: Incorrect indent at line 3
[18:45:13] [Server thread/INFO]: Incorrect indent at line 4
[18:45:13] [Server thread/INFO]: [Server] blol
[18:45:13] [Server thread/INFO]: [Server] bkek2
[18:45:13] [Server thread/INFO]: [Server] one more
[18:45:13] [Server thread/INFO]: [Server] Is Server: true
[18:45:13] [Server thread/INFO]: [Server] in not a
[18:45:13] [Server thread/INFO]: [Server] in not a not b
[18:45:15] [Server thread/INFO]: Stopping the server
[18:45:15] [Server thread/INFO]: Stopping server
[18:45:15] [Server thread/INFO]: Saving players
[18:45:15] [Server thread/INFO]: Saving worlds
[18:45:15] [Server thread/INFO]: Saving chunks for level 'world'/overworld
[18:45:15] [Server thread/INFO]: Saving chunks for level 'world'/the_nether
[18:45:15] [Server thread/INFO]: Saving chunks for level 'world'/the_end
[18:45:16] [Server Shutdown Thread/INFO]: Stopping server
[18:45:16] [Server Shutdown Thread/INFO]: Saving players
[18:45:16] [Server Shutdown Thread/INFO]: Saving worlds
